2025-02-07 22:27:33 [restartedMain] INFO  StartupInfoLogger logStarting StartupInfoLogger.java 50- Starting WorkaroundApplication using Java 21.0.3 with PID 16174 (/home/fauzi/Documents/code/workaround-java/target/classes started by fauzi in /home/fauzi/Documents/code/workaround-java)
2025-02-07 22:27:33 [restartedMain] DEBUG StartupInfoLogger logStarting StartupInfoLogger.java 51- Running with Spring Boot v3.3.5, Spring v6.1.14
2025-02-07 22:27:33 [restartedMain] INFO  SpringApplication logStartupProfileInfo SpringApplication.java 654- No active profile set, falling back to 1 default profile: "default"
2025-02-07 22:27:33 [restartedMain] INFO  DeferredLog logTo DeferredLog.java 252- Devtools property defaults active! Set 'spring.devtools.add-properties' to 'false' to disable
2025-02-07 22:27:33 [restartedMain] INFO  DeferredLog logTo DeferredLog.java 252- For additional web related logging consider setting the 'logging.level.web' property to 'DEBUG'
2025-02-07 22:27:33 [restartedMain] INFO  RepositoryConfigurationDelegate registerRepositoriesIn RepositoryConfigurationDelegate.java 143- Bootstrapping Spring Data JPA repositories in DEFAULT mode.
2025-02-07 22:27:33 [restartedMain] INFO  RepositoryConfigurationDelegate registerRepositoriesIn RepositoryConfigurationDelegate.java 211- Finished Spring Data repository scanning in 37 ms. Found 1 JPA repository interface.
2025-02-07 22:27:34 [restartedMain] INFO  TomcatWebServer initialize TomcatWebServer.java 111- Tomcat initialized with port 8082 (http)
2025-02-07 22:27:34 [restartedMain] INFO  DirectJDKLog log DirectJDKLog.java 173- Initializing ProtocolHandler ["http-nio-8082"]
2025-02-07 22:27:34 [restartedMain] INFO  DirectJDKLog log DirectJDKLog.java 173- Starting service [Tomcat]
2025-02-07 22:27:34 [restartedMain] INFO  DirectJDKLog log DirectJDKLog.java 173- Starting Servlet engine: [Apache Tomcat/10.1.31]
2025-02-07 22:27:34 [restartedMain] INFO  DirectJDKLog log DirectJDKLog.java 173- Initializing Spring embedded WebApplicationContext
2025-02-07 22:27:34 [restartedMain] INFO  ServletWebServerApplicationContext prepareWebApplicationContext ServletWebServerApplicationContext.java 296- Root WebApplicationContext: initialization completed in 975 ms
2025-02-07 22:27:34 [restartedMain] INFO  HikariDataSource getConnection HikariDataSource.java 109- HikariPool-1 - Starting...
2025-02-07 22:27:34 [restartedMain] INFO  HikariPool checkFailFast HikariPool.java 554- HikariPool-1 - Added connection conn0: url=jdbc:h2:mem:dbworkaround user=SA
2025-02-07 22:27:34 [restartedMain] INFO  HikariDataSource getConnection HikariDataSource.java 122- HikariPool-1 - Start completed.
2025-02-07 22:27:34 [restartedMain] INFO  H2ConsoleAutoConfiguration logDataSources H2ConsoleAutoConfiguration.java 88- H2 console available at '/h2-console'. Database available at 'jdbc:h2:mem:dbworkaround'
2025-02-07 22:27:34 [restartedMain] INFO  LogHelper logPersistenceUnitInformation LogHelper.java 31- HHH000204: Processing PersistenceUnitInfo [name: default]
2025-02-07 22:27:34 [restartedMain] INFO  Version logVersion Version.java 44- HHH000412: Hibernate ORM core version 6.5.3.Final
2025-02-07 22:27:34 [restartedMain] INFO  RegionFactoryInitiator initiateService RegionFactoryInitiator.java 50- HHH000026: Second-level cache disabled
2025-02-07 22:27:34 [restartedMain] INFO  SpringPersistenceUnitInfo addTransformer SpringPersistenceUnitInfo.java 87- No LoadTimeWeaver setup: ignoring JPA class transformer
2025-02-07 22:27:34 [restartedMain] WARN  DialectFactoryImpl constructDialect DialectFactoryImpl.java 153- HHH90000025: H2Dialect does not need to be specified explicitly using 'hibernate.dialect' (remove the property setting and it will be selected by default)
2025-02-07 22:27:35 [restartedMain] INFO  JtaPlatformInitiator initiateService JtaPlatformInitiator.java 59- HHH000489: No JTA platform available (set 'hibernate.transaction.jta.platform' to enable JTA platform integration)
2025-02-07 22:27:35 [restartedMain] INFO  AbstractEntityManagerFactoryBean buildNativeEntityManagerFactory AbstractEntityManagerFactoryBean.java 437- Initialized JPA EntityManagerFactory for persistence unit 'default'
2025-02-07 22:27:35 [restartedMain] WARN  JpaBaseConfiguration$JpaWebConfiguration openEntityManagerInViewInterceptor JpaBaseConfiguration.java 236- spring.jpa.open-in-view is enabled by default. Therefore, database queries may be performed during view rendering. Explicitly configure spring.jpa.open-in-view to disable this warning
2025-02-07 22:27:35 [restartedMain] INFO  OptionalLiveReloadServer startServer OptionalLiveReloadServer.java 59- LiveReload server is running on port 35729
2025-02-07 22:27:35 [restartedMain] INFO  DirectJDKLog log DirectJDKLog.java 173- Starting ProtocolHandler ["http-nio-8082"]
2025-02-07 22:27:35 [restartedMain] INFO  TomcatWebServer start TomcatWebServer.java 243- Tomcat started on port 8082 (http) with context path '/'
2025-02-07 22:27:35 [restartedMain] INFO  StartupInfoLogger logStarted StartupInfoLogger.java 56- Started WorkaroundApplication in 2.576 seconds (process running for 4.375)
2025-02-07 22:29:11 [http-nio-8082-exec-1] INFO  DirectJDKLog log DirectJDKLog.java 173- Initializing Spring DispatcherServlet 'dispatcherServlet'
2025-02-07 22:29:11 [http-nio-8082-exec-1] INFO  FrameworkServlet initServletBean FrameworkServlet.java 532- Initializing Servlet 'dispatcherServlet'
2025-02-07 22:29:11 [http-nio-8082-exec-1] INFO  FrameworkServlet initServletBean FrameworkServlet.java 554- Completed initialization in 1 ms
2025-02-07 22:29:49 [http-nio-8082-exec-3] INFO  DepartmentController saveDepartment DepartmentController.java 30- save department with: Department(departmentId=null, departmentName=department 1, departmentAddress=jalan department raya, departmentCode=0001)
2025-02-07 22:30:26 [SpringApplicationShutdownHook] INFO  AbstractEntityManagerFactoryBean destroy AbstractEntityManagerFactoryBean.java 650- Closing JPA EntityManagerFactory for persistence unit 'default'
2025-02-07 22:30:26 [SpringApplicationShutdownHook] WARN  DisposableBeanAdapter destroy DisposableBeanAdapter.java 221- Invocation of destroy method failed on bean with name 'inMemoryDatabaseShutdownExecutor': org.h2.jdbc.JdbcSQLNonTransientConnectionException: Database is already closed (to disable automatic closing at VM shutdown, add ";DB_CLOSE_ON_EXIT=FALSE" to the db URL) [90121-224]
2025-02-07 22:30:26 [SpringApplicationShutdownHook] INFO  HikariDataSource close HikariDataSource.java 349- HikariPool-1 - Shutdown initiated...
2025-02-07 22:30:26 [SpringApplicationShutdownHook] INFO  HikariDataSource close HikariDataSource.java 351- HikariPool-1 - Shutdown completed.
